[2019-09-15 14:50:11] 
      Текст ошибки: Страница не найдена | 
      Файл: C:\OpenServer\OSPanel\domains\phpstore.loc\vendor\phpstore\core\Router.php | 
      Строка: 48
      
==============================
[2019-09-15 14:50:11] 
      Текст ошибки: Страница не найдена | 
      Файл: C:\OpenServer\OSPanel\domains\phpstore.loc\vendor\phpstore\core\Router.php | 
      Строка: 48
      
==============================
[2019-09-15 14:50:11] 
      Текст ошибки: Страница не найдена | 
      Файл: C:\OpenServer\OSPanel\domains\phpstore.loc\vendor\phpstore\core\Router.php | 
      Строка: 48
      
==============================
[2019-09-15 14:50:11] 
      Текст ошибки: Страница не найдена | 
      Файл: C:\OpenServer\OSPanel\domains\phpstore.loc\vendor\phpstore\core\Router.php | 
      Строка: 48
      
==============================
[2019-09-15 14:50:11] 
      Текст ошибки: Страница не найдена | 
      Файл: C:\OpenServer\OSPanel\domains\phpstore.loc\vendor\phpstore\core\Router.php | 
      Строка: 48
      
==============================
[2019-09-15 14:50:11] 
      Текст ошибки: Страница не найдена | 
      Файл: C:\OpenServer\OSPanel\domains\phpstore.loc\vendor\phpstore\core\Router.php | 
      Строка: 48
      
==============================
[2019-09-15 14:50:11] 
      Текст ошибки: Страница не найдена | 
      Файл: C:\OpenServer\OSPanel\domains\phpstore.loc\vendor\phpstore\core\Router.php | 
      Строка: 48
      
==============================
[2019-09-15 14:50:11] 
      Текст ошибки: Страница не найдена | 
      Файл: C:\OpenServer\OSPanel\domains\phpstore.loc\vendor\phpstore\core\Router.php | 
      Строка: 48
      
==============================
[2019-09-15 14:50:11] 
      Текст ошибки: Страница не найдена | 
      Файл: C:\OpenServer\OSPanel\domains\phpstore.loc\vendor\phpstore\core\Router.php | 
      Строка: 48
      
==============================
[2019-09-15 14:50:11] 
      Текст ошибки: Страница не найдена | 
      Файл: C:\OpenServer\OSPanel\domains\phpstore.loc\vendor\phpstore\core\Router.php | 
      Строка: 48
      
==============================
[2019-09-15 14:50:11] 
      Текст ошибки: Страница не найдена | 
      Файл: C:\OpenServer\OSPanel\domains\phpstore.loc\vendor\phpstore\core\Router.php | 
      Строка: 48
      
==============================
[2019-09-15 14:50:11] 
      Текст ошибки: Страница не найдена | 
      Файл: C:\OpenServer\OSPanel\domains\phpstore.loc\vendor\phpstore\core\Router.php | 
      Строка: 48
      
==============================
[2019-09-15 14:50:11] 
      Текст ошибки: Страница не найдена | 
      Файл: C:\OpenServer\OSPanel\domains\phpstore.loc\vendor\phpstore\core\Router.php | 
      Строка: 48
      
==============================
[2019-09-15 14:50:11] 
      Текст ошибки: Страница не найдена | 
      Файл: C:\OpenServer\OSPanel\domains\phpstore.loc\vendor\phpstore\core\Router.php | 
      Строка: 48
      
==============================
[2019-09-15 14:50:11] 
      Текст ошибки: Страница не найдена | 
      Файл: C:\OpenServer\OSPanel\domains\phpstore.loc\vendor\phpstore\core\Router.php | 
      Строка: 48
      
==============================
[2019-09-15 14:50:11] 
      Текст ошибки: Страница не найдена | 
      Файл: C:\OpenServer\OSPanel\domains\phpstore.loc\vendor\phpstore\core\Router.php | 
      Строка: 48
      
==============================
[2019-09-15 14:50:11] 
      Текст ошибки: Страница не найдена | 
      Файл: C:\OpenServer\OSPanel\domains\phpstore.loc\vendor\phpstore\core\Router.php | 
      Строка: 48
      
==============================
[2019-09-15 14:50:11] 
      Текст ошибки: Страница не найдена | 
      Файл: C:\OpenServer\OSPanel\domains\phpstore.loc\vendor\phpstore\core\Router.php | 
      Строка: 48
      
==============================
[2019-09-15 14:50:11] 
      Текст ошибки: Страница не найдена | 
      Файл: C:\OpenServer\OSPanel\domains\phpstore.loc\vendor\phpstore\core\Router.php | 
      Строка: 48
      
==============================
[2019-09-15 14:50:11] 
      Текст ошибки: Страница не найдена | 
      Файл: C:\OpenServer\OSPanel\domains\phpstore.loc\vendor\phpstore\core\Router.php | 
      Строка: 48
      
==============================
[2019-09-15 14:50:11] 
      Текст ошибки: Страница не найдена | 
      Файл: C:\OpenServer\OSPanel\domains\phpstore.loc\vendor\phpstore\core\Router.php | 
      Строка: 48
      
==============================
[2019-09-15 14:50:11] 
      Текст ошибки: Страница не найдена | 
      Файл: C:\OpenServer\OSPanel\domains\phpstore.loc\vendor\phpstore\core\Router.php | 
      Строка: 48
      
==============================
[2019-09-15 14:50:11] 
      Текст ошибки: Страница не найдена | 
      Файл: C:\OpenServer\OSPanel\domains\phpstore.loc\vendor\phpstore\core\Router.php | 
      Строка: 48
      
==============================
[2019-09-15 14:50:11] 
      Текст ошибки: Страница не найдена | 
      Файл: C:\OpenServer\OSPanel\domains\phpstore.loc\vendor\phpstore\core\Router.php | 
      Строка: 48
      
==============================
[2019-09-15 14:50:11] 
      Текст ошибки: Страница не найдена | 
      Файл: C:\OpenServer\OSPanel\domains\phpstore.loc\vendor\phpstore\core\Router.php | 
      Строка: 48
      
==============================
[2019-09-15 14:50:11] 
      Текст ошибки: Страница не найдена | 
      Файл: C:\OpenServer\OSPanel\domains\phpstore.loc\vendor\phpstore\core\Router.php | 
      Строка: 48
      
==============================
[2019-09-15 14:50:11] 
      Текст ошибки: Страница не найдена | 
      Файл: C:\OpenServer\OSPanel\domains\phpstore.loc\vendor\phpstore\core\Router.php | 
      Строка: 48
      
==============================
[2019-09-15 14:50:11] 
      Текст ошибки: Страница не найдена | 
      Файл: C:\OpenServer\OSPanel\domains\phpstore.loc\vendor\phpstore\core\Router.php | 
      Строка: 48
      
==============================
[2019-09-15 14:50:11] 
      Текст ошибки: Страница не найдена | 
      Файл: C:\OpenServer\OSPanel\domains\phpstore.loc\vendor\phpstore\core\Router.php | 
      Строка: 48
      
==============================
[2019-09-15 14:50:12] 
      Текст ошибки: Страница не найдена | 
      Файл: C:\OpenServer\OSPanel\domains\phpstore.loc\vendor\phpstore\core\Router.php | 
      Строка: 48
      
==============================
[2019-09-15 14:50:41] 
      Текст ошибки: Страница не найдена | 
      Файл: C:\OpenServer\OSPanel\domains\phpstore.loc\vendor\phpstore\core\Router.php | 
      Строка: 48
      
==============================
[2019-09-15 14:50:41] 
      Текст ошибки: Страница не найдена | 
      Файл: C:\OpenServer\OSPanel\domains\phpstore.loc\vendor\phpstore\core\Router.php | 
      Строка: 48
      
==============================
[2019-09-15 14:50:41] 
      Текст ошибки: Страница не найдена | 
      Файл: C:\OpenServer\OSPanel\domains\phpstore.loc\vendor\phpstore\core\Router.php | 
      Строка: 48
      
==============================
[2019-09-15 14:50:41] 
      Текст ошибки: Страница не найдена | 
      Файл: C:\OpenServer\OSPanel\domains\phpstore.loc\vendor\phpstore\core\Router.php | 
      Строка: 48
      
==============================
[2019-09-15 14:50:41] 
      Текст ошибки: Страница не найдена | 
      Файл: C:\OpenServer\OSPanel\domains\phpstore.loc\vendor\phpstore\core\Router.php | 
      Строка: 48
      
==============================
[2019-09-15 14:50:41] 
      Текст ошибки: Страница не найдена | 
      Файл: C:\OpenServer\OSPanel\domains\phpstore.loc\vendor\phpstore\core\Router.php | 
      Строка: 48
      
==============================
[2019-09-15 14:50:41] 
      Текст ошибки: Страница не найдена | 
      Файл: C:\OpenServer\OSPanel\domains\phpstore.loc\vendor\phpstore\core\Router.php | 
      Строка: 48
      
==============================
[2019-09-15 14:50:41] 
      Текст ошибки: Страница не найдена | 
      Файл: C:\OpenServer\OSPanel\domains\phpstore.loc\vendor\phpstore\core\Router.php | 
      Строка: 48
      
==============================
[2019-09-15 14:50:41] 
      Текст ошибки: Страница не найдена | 
      Файл: C:\OpenServer\OSPanel\domains\phpstore.loc\vendor\phpstore\core\Router.php | 
      Строка: 48
      
==============================
[2019-09-15 14:50:41] 
      Текст ошибки: Страница не найдена | 
      Файл: C:\OpenServer\OSPanel\domains\phpstore.loc\vendor\phpstore\core\Router.php | 
      Строка: 48
      
==============================
[2019-09-15 14:50:41] 
      Текст ошибки: Страница не найдена | 
      Файл: C:\OpenServer\OSPanel\domains\phpstore.loc\vendor\phpstore\core\Router.php | 
      Строка: 48
      
==============================
[2019-09-15 14:50:41] 
      Текст ошибки: Страница не найдена | 
      Файл: C:\OpenServer\OSPanel\domains\phpstore.loc\vendor\phpstore\core\Router.php | 
      Строка: 48
      
==============================
[2019-09-15 14:50:41] 
      Текст ошибки: Страница не найдена | 
      Файл: C:\OpenServer\OSPanel\domains\phpstore.loc\vendor\phpstore\core\Router.php | 
      Строка: 48
      
==============================
[2019-09-15 14:50:41] 
      Текст ошибки: Страница не найдена | 
      Файл: C:\OpenServer\OSPanel\domains\phpstore.loc\vendor\phpstore\core\Router.php | 
      Строка: 48
      
==============================
[2019-09-15 14:50:41] 
      Текст ошибки: Страница не найдена | 
      Файл: C:\OpenServer\OSPanel\domains\phpstore.loc\vendor\phpstore\core\Router.php | 
      Строка: 48
      
==============================
[2019-09-15 14:50:41] 
      Текст ошибки: Страница не найдена | 
      Файл: C:\OpenServer\OSPanel\domains\phpstore.loc\vendor\phpstore\core\Router.php | 
      Строка: 48
      
==============================
[2019-09-15 14:50:41] 
      Текст ошибки: Страница не найдена | 
      Файл: C:\OpenServer\OSPanel\domains\phpstore.loc\vendor\phpstore\core\Router.php | 
      Строка: 48
      
==============================
[2019-09-15 14:50:41] 
      Текст ошибки: Страница не найдена | 
      Файл: C:\OpenServer\OSPanel\domains\phpstore.loc\vendor\phpstore\core\Router.php | 
      Строка: 48
      
==============================
[2019-09-15 14:50:41] 
      Текст ошибки: Страница не найдена | 
      Файл: C:\OpenServer\OSPanel\domains\phpstore.loc\vendor\phpstore\core\Router.php | 
      Строка: 48
      
==============================
[2019-09-15 14:50:41] 
      Текст ошибки: Страница не найдена | 
      Файл: C:\OpenServer\OSPanel\domains\phpstore.loc\vendor\phpstore\core\Router.php | 
      Строка: 48
      
==============================
[2019-09-15 14:50:41] 
      Текст ошибки: Страница не найдена | 
      Файл: C:\OpenServer\OSPanel\domains\phpstore.loc\vendor\phpstore\core\Router.php | 
      Строка: 48
      
==============================
[2019-09-15 14:50:41] 
      Текст ошибки: Страница не найдена | 
      Файл: C:\OpenServer\OSPanel\domains\phpstore.loc\vendor\phpstore\core\Router.php | 
      Строка: 48
      
==============================
[2019-09-15 14:50:41] 
      Текст ошибки: Страница не найдена | 
      Файл: C:\OpenServer\OSPanel\domains\phpstore.loc\vendor\phpstore\core\Router.php | 
      Строка: 48
      
==============================
[2019-09-15 14:50:41] 
      Текст ошибки: Страница не найдена | 
      Файл: C:\OpenServer\OSPanel\domains\phpstore.loc\vendor\phpstore\core\Router.php | 
      Строка: 48
      
==============================
[2019-09-15 14:50:41] 
      Текст ошибки: Страница не найдена | 
      Файл: C:\OpenServer\OSPanel\domains\phpstore.loc\vendor\phpstore\core\Router.php | 
      Строка: 48
      
==============================
[2019-09-15 14:50:41] 
      Текст ошибки: Страница не найдена | 
      Файл: C:\OpenServer\OSPanel\domains\phpstore.loc\vendor\phpstore\core\Router.php | 
      Строка: 48
      
==============================
[2019-09-15 14:50:41] 
      Текст ошибки: Страница не найдена | 
      Файл: C:\OpenServer\OSPanel\domains\phpstore.loc\vendor\phpstore\core\Router.php | 
      Строка: 48
      
==============================
[2019-09-15 14:50:41] 
      Текст ошибки: Страница не найдена | 
      Файл: C:\OpenServer\OSPanel\domains\phpstore.loc\vendor\phpstore\core\Router.php | 
      Строка: 48
      
==============================
[2019-09-15 14:50:59] 
      Текст ошибки: Страница не найдена | 
      Файл: C:\OpenServer\OSPanel\domains\phpstore.loc\vendor\phpstore\core\Router.php | 
      Строка: 48
      
==============================
[2019-09-15 14:50:59] 
      Текст ошибки: Страница не найдена | 
      Файл: C:\OpenServer\OSPanel\domains\phpstore.loc\vendor\phpstore\core\Router.php | 
      Строка: 48
      
==============================
[2019-09-15 14:50:59] 
      Текст ошибки: Страница не найдена | 
      Файл: C:\OpenServer\OSPanel\domains\phpstore.loc\vendor\phpstore\core\Router.php | 
      Строка: 48
      
==============================
[2019-09-15 14:50:59] 
      Текст ошибки: Страница не найдена | 
      Файл: C:\OpenServer\OSPanel\domains\phpstore.loc\vendor\phpstore\core\Router.php | 
      Строка: 48
      
==============================
[2019-09-15 14:50:59] 
      Текст ошибки: Страница не найдена | 
      Файл: C:\OpenServer\OSPanel\domains\phpstore.loc\vendor\phpstore\core\Router.php | 
      Строка: 48
      
==============================
[2019-09-15 14:50:59] 
      Текст ошибки: Страница не найдена | 
      Файл: C:\OpenServer\OSPanel\domains\phpstore.loc\vendor\phpstore\core\Router.php | 
      Строка: 48
      
==============================
[2019-09-15 14:50:59] 
      Текст ошибки: Страница не найдена | 
      Файл: C:\OpenServer\OSPanel\domains\phpstore.loc\vendor\phpstore\core\Router.php | 
      Строка: 48
      
==============================
[2019-09-15 14:50:59] 
      Текст ошибки: Страница не найдена | 
      Файл: C:\OpenServer\OSPanel\domains\phpstore.loc\vendor\phpstore\core\Router.php | 
      Строка: 48
      
==============================
[2019-09-15 14:50:59] 
      Текст ошибки: Страница не найдена | 
      Файл: C:\OpenServer\OSPanel\domains\phpstore.loc\vendor\phpstore\core\Router.php | 
      Строка: 48
      
==============================
[2019-09-15 14:50:59] 
      Текст ошибки: Страница не найдена | 
      Файл: C:\OpenServer\OSPanel\domains\phpstore.loc\vendor\phpstore\core\Router.php | 
      Строка: 48
      
==============================
[2019-09-15 14:50:59] 
      Текст ошибки: Страница не найдена | 
      Файл: C:\OpenServer\OSPanel\domains\phpstore.loc\vendor\phpstore\core\Router.php | 
      Строка: 48
      
==============================
[2019-09-15 14:50:59] 
      Текст ошибки: Страница не найдена | 
      Файл: C:\OpenServer\OSPanel\domains\phpstore.loc\vendor\phpstore\core\Router.php | 
      Строка: 48
      
==============================
[2019-09-15 14:50:59] 
      Текст ошибки: Страница не найдена | 
      Файл: C:\OpenServer\OSPanel\domains\phpstore.loc\vendor\phpstore\core\Router.php | 
      Строка: 48
      
==============================
[2019-09-15 14:51:00] 
      Текст ошибки: Страница не найдена | 
      Файл: C:\OpenServer\OSPanel\domains\phpstore.loc\vendor\phpstore\core\Router.php | 
      Строка: 48
      
==============================
[2019-09-15 14:51:00] 
      Текст ошибки: Страница не найдена | 
      Файл: C:\OpenServer\OSPanel\domains\phpstore.loc\vendor\phpstore\core\Router.php | 
      Строка: 48
      
==============================
[2019-09-15 14:51:00] 
      Текст ошибки: Страница не найдена | 
      Файл: C:\OpenServer\OSPanel\domains\phpstore.loc\vendor\phpstore\core\Router.php | 
      Строка: 48
      
==============================
[2019-09-15 14:51:00] 
      Текст ошибки: Страница не найдена | 
      Файл: C:\OpenServer\OSPanel\domains\phpstore.loc\vendor\phpstore\core\Router.php | 
      Строка: 48
      
==============================
[2019-09-15 14:51:00] 
      Текст ошибки: Страница не найдена | 
      Файл: C:\OpenServer\OSPanel\domains\phpstore.loc\vendor\phpstore\core\Router.php | 
      Строка: 48
      
==============================
[2019-09-15 14:51:00] 
      Текст ошибки: Страница не найдена | 
      Файл: C:\OpenServer\OSPanel\domains\phpstore.loc\vendor\phpstore\core\Router.php | 
      Строка: 48
      
==============================
[2019-09-15 14:51:00] 
      Текст ошибки: Страница не найдена | 
      Файл: C:\OpenServer\OSPanel\domains\phpstore.loc\vendor\phpstore\core\Router.php | 
      Строка: 48
      
==============================
[2019-09-15 14:51:00] 
      Текст ошибки: Страница не найдена | 
      Файл: C:\OpenServer\OSPanel\domains\phpstore.loc\vendor\phpstore\core\Router.php | 
      Строка: 48
      
==============================
[2019-09-15 14:51:00] 
      Текст ошибки: Страница не найдена | 
      Файл: C:\OpenServer\OSPanel\domains\phpstore.loc\vendor\phpstore\core\Router.php | 
      Строка: 48
      
==============================
[2019-09-15 14:51:00] 
      Текст ошибки: Страница не найдена | 
      Файл: C:\OpenServer\OSPanel\domains\phpstore.loc\vendor\phpstore\core\Router.php | 
      Строка: 48
      
==============================
[2019-09-15 14:51:00] 
      Текст ошибки: Страница не найдена | 
      Файл: C:\OpenServer\OSPanel\domains\phpstore.loc\vendor\phpstore\core\Router.php | 
      Строка: 48
      
==============================
[2019-09-15 14:51:00] 
      Текст ошибки: Страница не найдена | 
      Файл: C:\OpenServer\OSPanel\domains\phpstore.loc\vendor\phpstore\core\Router.php | 
      Строка: 48
      
==============================
[2019-09-15 14:51:00] 
      Текст ошибки: Страница не найдена | 
      Файл: C:\OpenServer\OSPanel\domains\phpstore.loc\vendor\phpstore\core\Router.php | 
      Строка: 48
      
==============================
[2019-09-15 14:51:00] 
      Текст ошибки: Страница не найдена | 
      Файл: C:\OpenServer\OSPanel\domains\phpstore.loc\vendor\phpstore\core\Router.php | 
      Строка: 48
      
==============================
[2019-09-15 14:51:00] 
      Текст ошибки: Страница не найдена | 
      Файл: C:\OpenServer\OSPanel\domains\phpstore.loc\vendor\phpstore\core\Router.php | 
      Строка: 48
      
==============================
[2019-09-15 14:52:54] 
      Текст ошибки: Страница не найдена | 
      Файл: C:\OpenServer\OSPanel\domains\phpstore.loc\vendor\phpstore\core\Router.php | 
      Строка: 48
      
==============================
[2019-09-15 14:53:38] 
      Текст ошибки: Страница не найдена | 
      Файл: C:\OpenServer\OSPanel\domains\phpstore.loc\vendor\phpstore\core\Router.php | 
      Строка: 48
      
==============================
[2019-09-15 14:53:41] 
      Текст ошибки: Страница не найдена | 
      Файл: C:\OpenServer\OSPanel\domains\phpstore.loc\vendor\phpstore\core\Router.php | 
      Строка: 48
      
==============================
[2019-09-15 14:53:55] 
      Текст ошибки: Страница не найдена | 
      Файл: C:\OpenServer\OSPanel\domains\phpstore.loc\vendor\phpstore\core\Router.php | 
      Строка: 48
      
==============================
[2019-09-15 14:55:46] 
      Текст ошибки: Страница не найдена | 
      Файл: C:\OpenServer\OSPanel\domains\phpstore.loc\vendor\phpstore\core\Router.php | 
      Строка: 48
      
==============================
[2019-09-15 14:55:47] 
      Текст ошибки: Страница не найдена | 
      Файл: C:\OpenServer\OSPanel\domains\phpstore.loc\vendor\phpstore\core\Router.php | 
      Строка: 48
      
==============================
[2019-09-15 14:59:48] 
      Текст ошибки: Страница не найдена | 
      Файл: C:\OpenServer\OSPanel\domains\phpstore.loc\vendor\phpstore\core\Router.php | 
      Строка: 48
      
==============================
[2019-09-15 15:04:39] 
      Текст ошибки: Страница не найдена | 
      Файл: C:\OpenServer\OSPanel\domains\phpstore.loc\vendor\phpstore\core\Router.php | 
      Строка: 48
      
==============================
[2019-09-15 15:04:40] 
      Текст ошибки: Страница не найдена | 
      Файл: C:\OpenServer\OSPanel\domains\phpstore.loc\vendor\phpstore\core\Router.php | 
      Строка: 48
      
==============================
[2019-09-15 15:04:44] 
      Текст ошибки: Страница не найдена | 
      Файл: C:\OpenServer\OSPanel\domains\phpstore.loc\vendor\phpstore\core\Router.php | 
      Строка: 48
      
==============================
[2019-09-15 15:12:11] 
      Текст ошибки: Страница не найдена | 
      Файл: C:\OpenServer\OSPanel\domains\phpstore.loc\vendor\phpstore\core\Router.php | 
      Строка: 48
      
==============================
[2019-09-15 15:12:15] 
      Текст ошибки: Страница не найдена | 
      Файл: C:\OpenServer\OSPanel\domains\phpstore.loc\vendor\phpstore\core\Router.php | 
      Строка: 48
      
==============================
[2019-09-15 17:11:23] 
      Текст ошибки: Страница не найдена | 
      Файл: C:\OpenServer\OSPanel\domains\phpstore.loc\vendor\phpstore\core\Router.php | 
      Строка: 48
      
==============================
[2019-09-22 15:51:35] 
      Текст ошибки: Страница не найдена | 
      Файл: C:\OpenServer\OSPanel\domains\phpstore.loc\vendor\phpstore\core\Router.php | 
      Строка: 48
      
==============================
[2019-09-22 16:04:17] 
      Текст ошибки: Страница не найдена | 
      Файл: C:\OpenServer\OSPanel\domains\phpstore.loc\vendor\phpstore\core\Router.php | 
      Строка: 48
      
==============================
[2019-09-22 16:04:20] 
      Текст ошибки: Страница не найдена | 
      Файл: C:\OpenServer\OSPanel\domains\phpstore.loc\vendor\phpstore\core\Router.php | 
      Строка: 48
      
==============================
